\BOOKMARK [0][-]{chapter.1}{\376\377\0001\000\040\0003\000D\000\040\000H\000a\000l\000l\000\040\000S\000e\000n\000s\000o\000r\000\040\000G\000e\000n\000e\000r\000i\000c\000\040\000L\000i\000b\000r\000a\000r\000y}{}% 1
\BOOKMARK [1][-]{section.1.1}{\376\377\0001\000.\0001\000\040\000G\000e\000n\000e\000r\000a\000l\000\040\000D\000e\000s\000c\000r\000i\000p\000t\000i\000o\000n}{chapter.1}% 2
\BOOKMARK [1][-]{section.1.2}{\376\377\0001\000.\0002\000\040\000Q\000u\000i\000c\000k\000\040\000s\000t\000a\000r\000t\000\040\000g\000u\000i\000d\000e}{chapter.1}% 3
\BOOKMARK [2][-]{subsection.1.2.1}{\376\377\0001\000.\0002\000.\0001\000\040\000T\000L\000x\0004\0009\0003\000D\000\040\000a\000b\000s\000t\000r\000a\000c\000t\000i\000o\000n\000\040\000l\000e\000v\000e\000l}{section.1.2}% 4
\BOOKMARK [2][-]{subsection.1.2.2}{\376\377\0001\000.\0002\000.\0002\000\040\000T\000L\000V\0004\0009\0003\000D\000/\000T\000L\000E\0004\0009\0003\000D\000/\000T\000L\000I\0004\0009\0003\000D\000-\000W\0002\000B\000W\000\040\000a\000b\000s\000t\000r\000a\000c\000t\000i\000o\000n\000\040\000l\000e\000v\000e\000l\000s}{section.1.2}% 5
\BOOKMARK [2][-]{subsection.1.2.3}{\376\377\0001\000.\0002\000.\0003\000\040\000D\000r\000i\000v\000e\000r\000s\000\040\000a\000b\000s\000t\000r\000a\000c\000t\000i\000o\000n\000\040\000l\000e\000v\000e\000l\000s}{section.1.2}% 6
\BOOKMARK [0][-]{chapter.2}{\376\377\0002\000\040\000C\000l\000a\000s\000s\000\040\000I\000n\000d\000e\000x}{}% 7
\BOOKMARK [1][-]{section.2.1}{\376\377\0002\000.\0001\000\040\000C\000l\000a\000s\000s\000\040\000L\000i\000s\000t}{chapter.2}% 8
\BOOKMARK [0][-]{chapter.3}{\376\377\0003\000\040\000F\000i\000l\000e\000\040\000I\000n\000d\000e\000x}{}% 9
\BOOKMARK [1][-]{section.3.1}{\376\377\0003\000.\0001\000\040\000F\000i\000l\000e\000\040\000L\000i\000s\000t}{chapter.3}% 10
\BOOKMARK [0][-]{chapter.4}{\376\377\0004\000\040\000C\000l\000a\000s\000s\000\040\000D\000o\000c\000u\000m\000e\000n\000t\000a\000t\000i\000o\000n}{}% 11
\BOOKMARK [1][-]{section.4.1}{\376\377\0004\000.\0001\000\040\000T\000L\000E\0004\0009\0003\000D\000\137\000d\000a\000t\000a\000\137\000t\000\040\000S\000t\000r\000u\000c\000t\000\040\000R\000e\000f\000e\000r\000e\000n\000c\000e}{chapter.4}% 12
\BOOKMARK [2][-]{subsection.4.1.1}{\376\377\0004\000.\0001\000.\0001\000\040\000D\000e\000t\000a\000i\000l\000e\000d\000\040\000D\000e\000s\000c\000r\000i\000p\000t\000i\000o\000n}{section.4.1}% 13
\BOOKMARK [1][-]{section.4.2}{\376\377\0004\000.\0002\000\040\000T\000L\000E\0004\0009\0003\000D\000\137\000r\000e\000g\000m\000a\000p\000\137\000t\000\040\000S\000t\000r\000u\000c\000t\000\040\000R\000e\000f\000e\000r\000e\000n\000c\000e}{chapter.4}% 14
\BOOKMARK [2][-]{subsection.4.2.1}{\376\377\0004\000.\0002\000.\0001\000\040\000D\000e\000t\000a\000i\000l\000e\000d\000\040\000D\000e\000s\000c\000r\000i\000p\000t\000i\000o\000n}{section.4.2}% 15
\BOOKMARK [1][-]{section.4.3}{\376\377\0004\000.\0003\000\040\000T\000L\000V\0004\0009\0003\000D\000\137\000d\000a\000t\000a\000\137\000t\000\040\000S\000t\000r\000u\000c\000t\000\040\000R\000e\000f\000e\000r\000e\000n\000c\000e}{chapter.4}% 16
\BOOKMARK [2][-]{subsection.4.3.1}{\376\377\0004\000.\0003\000.\0001\000\040\000D\000e\000t\000a\000i\000l\000e\000d\000\040\000D\000e\000s\000c\000r\000i\000p\000t\000i\000o\000n}{section.4.3}% 17
\BOOKMARK [1][-]{section.4.4}{\376\377\0004\000.\0004\000\040\000T\000L\000V\0004\0009\0003\000D\000\137\000r\000e\000g\000m\000a\000p\000\137\000r\000e\000a\000d\000\137\000t\000\040\000S\000t\000r\000u\000c\000t\000\040\000R\000e\000f\000e\000r\000e\000n\000c\000e}{chapter.4}% 18
\BOOKMARK [2][-]{subsection.4.4.1}{\376\377\0004\000.\0004\000.\0001\000\040\000D\000e\000t\000a\000i\000l\000e\000d\000\040\000D\000e\000s\000c\000r\000i\000p\000t\000i\000o\000n}{section.4.4}% 19
\BOOKMARK [1][-]{section.4.5}{\376\377\0004\000.\0005\000\040\000T\000L\000V\0004\0009\0003\000D\000\137\000r\000e\000g\000m\000a\000p\000\137\000w\000r\000i\000t\000e\000\137\000t\000\040\000S\000t\000r\000u\000c\000t\000\040\000R\000e\000f\000e\000r\000e\000n\000c\000e}{chapter.4}% 20
\BOOKMARK [2][-]{subsection.4.5.1}{\376\377\0004\000.\0005\000.\0001\000\040\000D\000e\000t\000a\000i\000l\000e\000d\000\040\000D\000e\000s\000c\000r\000i\000p\000t\000i\000o\000n}{section.4.5}% 21
\BOOKMARK [1][-]{section.4.6}{\376\377\0004\000.\0006\000\040\000T\000L\000x\0004\0009\0003\000D\000\137\000d\000a\000t\000a\000\137\000f\000r\000a\000m\000e\000\137\000t\000\040\000S\000t\000r\000u\000c\000t\000\040\000R\000e\000f\000e\000r\000e\000n\000c\000e}{chapter.4}% 22
\BOOKMARK [2][-]{subsection.4.6.1}{\376\377\0004\000.\0006\000.\0001\000\040\000D\000e\000t\000a\000i\000l\000e\000d\000\040\000D\000e\000s\000c\000r\000i\000p\000t\000i\000o\000n}{section.4.6}% 23
\BOOKMARK [0][-]{chapter.5}{\376\377\0005\000\040\000F\000i\000l\000e\000\040\000D\000o\000c\000u\000m\000e\000n\000t\000a\000t\000i\000o\000n}{}% 24
\BOOKMARK [1][-]{section.5.1}{\376\377\0005\000.\0001\000\040\000d\000e\000b\000u\000g\000.\000h\000\040\000F\000i\000l\000e\000\040\000R\000e\000f\000e\000r\000e\000n\000c\000e}{chapter.5}% 25
\BOOKMARK [2][-]{subsection.5.1.1}{\376\377\0005\000.\0001\000.\0001\000\040\000D\000e\000t\000a\000i\000l\000e\000d\000\040\000D\000e\000s\000c\000r\000i\000p\000t\000i\000o\000n}{section.5.1}% 26
\BOOKMARK [1][-]{section.5.2}{\376\377\0005\000.\0002\000\040\000i\000n\000t\000e\000r\000f\000a\000c\000e\000.\000h\000\040\000F\000i\000l\000e\000\040\000R\000e\000f\000e\000r\000e\000n\000c\000e}{chapter.5}% 27
\BOOKMARK [2][-]{subsection.5.2.1}{\376\377\0005\000.\0002\000.\0001\000\040\000D\000e\000t\000a\000i\000l\000e\000d\000\040\000D\000e\000s\000c\000r\000i\000p\000t\000i\000o\000n}{section.5.2}% 28
\BOOKMARK [2][-]{subsection.5.2.2}{\376\377\0005\000.\0002\000.\0002\000\040\000M\000a\000c\000r\000o\000\040\000D\000e\000f\000i\000n\000i\000t\000i\000o\000n\000\040\000D\000o\000c\000u\000m\000e\000n\000t\000a\000t\000i\000o\000n}{section.5.2}% 29
\BOOKMARK [3][-]{subsubsection.5.2.2.1}{\376\377\0005\000.\0002\000.\0002\000.\0001\000\040\000\137\000I\0002\000C\000\137\000r\000e\000a\000d}{subsection.5.2.2}% 30
\BOOKMARK [3][-]{subsubsection.5.2.2.2}{\376\377\0005\000.\0002\000.\0002\000.\0002\000\040\000\137\000I\0002\000C\000\137\000r\000e\000c\000o\000v\000e\000r}{subsection.5.2.2}% 31
\BOOKMARK [3][-]{subsubsection.5.2.2.3}{\376\377\0005\000.\0002\000.\0002\000.\0003\000\040\000\137\000I\0002\000C\000\137\000r\000e\000s\000e\000t}{subsection.5.2.2}% 32
\BOOKMARK [3][-]{subsubsection.5.2.2.4}{\376\377\0005\000.\0002\000.\0002\000.\0004\000\040\000\137\000I\0002\000C\000\137\000w\000r\000i\000t\000e}{subsection.5.2.2}% 33
\BOOKMARK [3][-]{subsubsection.5.2.2.5}{\376\377\0005\000.\0002\000.\0002\000.\0005\000\040\000\137\000L\000O\000G\000\137\000S\000T\000R}{subsection.5.2.2}% 34
\BOOKMARK [3][-]{subsubsection.5.2.2.6}{\376\377\0005\000.\0002\000.\0002\000.\0006\000\040\000\137\000P\000O\000W\000E\000R\000\137\000D\000I\000S\000A\000B\000L\000E}{subsection.5.2.2}% 35
\BOOKMARK [3][-]{subsubsection.5.2.2.7}{\376\377\0005\000.\0002\000.\0002\000.\0007\000\040\000\137\000P\000O\000W\000E\000R\000\137\000E\000N\000A\000B\000L\000E}{subsection.5.2.2}% 36
\BOOKMARK [3][-]{subsubsection.5.2.2.8}{\376\377\0005\000.\0002\000.\0002\000.\0008\000\040\000\137\000S\000E\000T\000\137\000A\000D\000D\000R\000\137\000A\000N\000D\000\137\000W\000A\000I\000T}{subsection.5.2.2}% 37
\BOOKMARK [1][-]{section.5.3}{\376\377\0005\000.\0003\000\040\000m\000a\000i\000n\000.\000c\000\040\000F\000i\000l\000e\000\040\000R\000e\000f\000e\000r\000e\000n\000c\000e}{chapter.5}% 38
\BOOKMARK [2][-]{subsection.5.3.1}{\376\377\0005\000.\0003\000.\0001\000\040\000D\000e\000t\000a\000i\000l\000e\000d\000\040\000D\000e\000s\000c\000r\000i\000p\000t\000i\000o\000n}{section.5.3}% 39
\BOOKMARK [2][-]{subsection.5.3.2}{\376\377\0005\000.\0003\000.\0002\000\040\000F\000u\000n\000c\000t\000i\000o\000n\000\040\000D\000o\000c\000u\000m\000e\000n\000t\000a\000t\000i\000o\000n}{section.5.3}% 40
\BOOKMARK [3][-]{subsubsection.5.3.2.1}{\376\377\0005\000.\0003\000.\0002\000.\0001\000\040\000m\000a\000i\000n\000\050\000\051}{subsection.5.3.2}% 41
\BOOKMARK [1][-]{section.5.4}{\376\377\0005\000.\0004\000\040\000m\000i\000s\000c\000.\000h\000\040\000F\000i\000l\000e\000\040\000R\000e\000f\000e\000r\000e\000n\000c\000e}{chapter.5}% 42
\BOOKMARK [2][-]{subsection.5.4.1}{\376\377\0005\000.\0004\000.\0001\000\040\000D\000e\000t\000a\000i\000l\000e\000d\000\040\000D\000e\000s\000c\000r\000i\000p\000t\000i\000o\000n}{section.5.4}% 43
\BOOKMARK [2][-]{subsection.5.4.2}{\376\377\0005\000.\0004\000.\0002\000\040\000F\000u\000n\000c\000t\000i\000o\000n\000\040\000D\000o\000c\000u\000m\000e\000n\000t\000a\000t\000i\000o\000n}{section.5.4}% 44
\BOOKMARK [3][-]{subsubsection.5.4.2.1}{\376\377\0005\000.\0004\000.\0002\000.\0001\000\040\000M\000I\000S\000C\000\137\000m\000e\000m\000c\000p\000y\000\050\000\051}{subsection.5.4.2}% 45
\BOOKMARK [1][-]{section.5.5}{\376\377\0005\000.\0005\000\040\000T\000L\000E\000\137\000A\000W\0002\000B\0006\000.\000c\000\040\000F\000i\000l\000e\000\040\000R\000e\000f\000e\000r\000e\000n\000c\000e}{chapter.5}% 46
\BOOKMARK [2][-]{subsection.5.5.1}{\376\377\0005\000.\0005\000.\0001\000\040\000F\000u\000n\000c\000t\000i\000o\000n\000\040\000D\000o\000c\000u\000m\000e\000n\000t\000a\000t\000i\000o\000n}{section.5.5}% 47
\BOOKMARK [3][-]{subsubsection.5.5.1.1}{\376\377\0005\000.\0005\000.\0001\000.\0001\000\040\000T\000L\000E\0004\0009\0003\000D\000\137\000A\000W\0002\000B\0006\000\137\000g\000e\000t\000\137\000C\000P\000\137\000b\000i\000t\000\050\000\051}{subsection.5.5.1}% 48
\BOOKMARK [3][-]{subsubsection.5.5.1.2}{\376\377\0005\000.\0005\000.\0001\000.\0002\000\040\000T\000L\000E\0004\0009\0003\000D\000\137\000A\000W\0002\000B\0006\000\137\000g\000e\000t\000\137\000F\000P\000\137\000b\000i\000t\000\050\000\051}{subsection.5.5.1}% 49
\BOOKMARK [1][-]{section.5.6}{\376\377\0005\000.\0006\000\040\000T\000L\000E\000\137\000A\000W\0002\000B\0006\000.\000h\000\040\000F\000i\000l\000e\000\040\000R\000e\000f\000e\000r\000e\000n\000c\000e}{chapter.5}% 50
\BOOKMARK [2][-]{subsection.5.6.1}{\376\377\0005\000.\0006\000.\0001\000\040\000D\000e\000t\000a\000i\000l\000e\000d\000\040\000D\000e\000s\000c\000r\000i\000p\000t\000i\000o\000n}{section.5.6}% 51
\BOOKMARK [2][-]{subsection.5.6.2}{\376\377\0005\000.\0006\000.\0002\000\040\000F\000u\000n\000c\000t\000i\000o\000n\000\040\000D\000o\000c\000u\000m\000e\000n\000t\000a\000t\000i\000o\000n}{section.5.6}% 52
\BOOKMARK [3][-]{subsubsection.5.6.2.1}{\376\377\0005\000.\0006\000.\0002\000.\0001\000\040\000T\000L\000E\0004\0009\0003\000D\000\137\000A\000W\0002\000B\0006\000\137\000g\000e\000t\000\137\000C\000P\000\137\000b\000i\000t\000\050\000\051}{subsection.5.6.2}% 53
\BOOKMARK [3][-]{subsubsection.5.6.2.2}{\376\377\0005\000.\0006\000.\0002\000.\0002\000\040\000T\000L\000E\0004\0009\0003\000D\000\137\000A\000W\0002\000B\0006\000\137\000g\000e\000t\000\137\000F\000P\000\137\000b\000i\000t\000\050\000\051}{subsection.5.6.2}% 54
\BOOKMARK [3][-]{subsubsection.5.6.2.3}{\376\377\0005\000.\0006\000.\0002\000.\0003\000\040\000T\000L\000E\0004\0009\0003\000D\000\137\000A\000W\0002\000B\0006\000\137\000i\000n\000i\000t\000\050\000\051}{subsection.5.6.2}% 55
\BOOKMARK [1][-]{section.5.7}{\376\377\0005\000.\0007\000\040\000T\000L\000E\000\137\000A\000W\0002\000B\0006\000\137\000d\000e\000f\000i\000n\000e\000s\000.\000h\000\040\000F\000i\000l\000e\000\040\000R\000e\000f\000e\000r\000e\000n\000c\000e}{chapter.5}% 56
\BOOKMARK [2][-]{subsection.5.7.1}{\376\377\0005\000.\0007\000.\0001\000\040\000D\000e\000t\000a\000i\000l\000e\000d\000\040\000D\000e\000s\000c\000r\000i\000p\000t\000i\000o\000n}{section.5.7}% 57
\BOOKMARK [1][-]{section.5.8}{\376\377\0005\000.\0008\000\040\000T\000L\000E\000\137\000A\000W\0002\000B\0006\000\137\000d\000r\000i\000v\000e\000r\000.\000c\000\040\000F\000i\000l\000e\000\040\000R\000e\000f\000e\000r\000e\000n\000c\000e}{chapter.5}% 58
\BOOKMARK [2][-]{subsection.5.8.1}{\376\377\0005\000.\0008\000.\0001\000\040\000F\000u\000n\000c\000t\000i\000o\000n\000\040\000D\000o\000c\000u\000m\000e\000n\000t\000a\000t\000i\000o\000n}{section.5.8}% 59
\BOOKMARK [3][-]{subsubsection.5.8.1.1}{\376\377\0005\000.\0008\000.\0001\000.\0001\000\040\000T\000L\000E\0004\0009\0003\000D\000\137\000A\000W\0002\000B\0006\000\137\000r\000e\000a\000d\000\137\000r\000e\000g\000s\000\050\000\051}{subsection.5.8.1}% 60
\BOOKMARK [3][-]{subsubsection.5.8.1.2}{\376\377\0005\000.\0008\000.\0001\000.\0002\000\040\000T\000L\000E\0004\0009\0003\000D\000\137\000A\000W\0002\000B\0006\000\137\000w\000r\000i\000t\000e\000\137\000r\000e\000g\000\050\000\051}{subsection.5.8.1}% 61
\BOOKMARK [3][-]{subsubsection.5.8.1.3}{\376\377\0005\000.\0008\000.\0001\000.\0003\000\040\000T\000L\000E\0004\0009\0003\000D\000\137\000A\000W\0002\000B\0006\000\137\000w\000r\000i\000t\000e\000\137\000r\000e\000g\000\137\000m\000u\000l\000t\000i\000\050\000\051}{subsection.5.8.1}% 62
\BOOKMARK [1][-]{section.5.9}{\376\377\0005\000.\0009\000\040\000T\000L\000E\000\137\000A\000W\0002\000B\0006\000\137\000d\000r\000i\000v\000e\000r\000.\000h\000\040\000F\000i\000l\000e\000\040\000R\000e\000f\000e\000r\000e\000n\000c\000e}{chapter.5}% 63
\BOOKMARK [2][-]{subsection.5.9.1}{\376\377\0005\000.\0009\000.\0001\000\040\000D\000e\000t\000a\000i\000l\000e\000d\000\040\000D\000e\000s\000c\000r\000i\000p\000t\000i\000o\000n}{section.5.9}% 64
\BOOKMARK [2][-]{subsection.5.9.2}{\376\377\0005\000.\0009\000.\0002\000\040\000F\000u\000n\000c\000t\000i\000o\000n\000\040\000D\000o\000c\000u\000m\000e\000n\000t\000a\000t\000i\000o\000n}{section.5.9}% 65
\BOOKMARK [3][-]{subsubsection.5.9.2.1}{\376\377\0005\000.\0009\000.\0002\000.\0001\000\040\000T\000L\000E\0004\0009\0003\000D\000\137\000A\000W\0002\000B\0006\000\137\000r\000e\000a\000d\000\137\000r\000e\000g\000s\000\050\000\051}{subsection.5.9.2}% 66
\BOOKMARK [3][-]{subsubsection.5.9.2.2}{\376\377\0005\000.\0009\000.\0002\000.\0002\000\040\000T\000L\000E\0004\0009\0003\000D\000\137\000A\000W\0002\000B\0006\000\137\000w\000r\000i\000t\000e\000\137\000r\000e\000g\000\050\000\051}{subsection.5.9.2}% 67
\BOOKMARK [3][-]{subsubsection.5.9.2.3}{\376\377\0005\000.\0009\000.\0002\000.\0003\000\040\000T\000L\000E\0004\0009\0003\000D\000\137\000A\000W\0002\000B\0006\000\137\000w\000r\000i\000t\000e\000\137\000r\000e\000g\000\137\000m\000u\000l\000t\000i\000\050\000\051}{subsection.5.9.2}% 68
\BOOKMARK [1][-]{section.5.10}{\376\377\0005\000.\0001\0000\000\040\000T\000L\000V\000\137\000A\0001\000B\0006\000.\000c\000\040\000F\000i\000l\000e\000\040\000R\000e\000f\000e\000r\000e\000n\000c\000e}{chapter.5}% 69
\BOOKMARK [2][-]{subsection.5.10.1}{\376\377\0005\000.\0001\0000\000.\0001\000\040\000F\000u\000n\000c\000t\000i\000o\000n\000\040\000D\000o\000c\000u\000m\000e\000n\000t\000a\000t\000i\000o\000n}{section.5.10}% 70
\BOOKMARK [3][-]{subsubsection.5.10.1.1}{\376\377\0005\000.\0001\0000\000.\0001\000.\0001\000\040\000T\000L\000V\0004\0009\0003\000D\000\137\000A\0001\000B\0006\000\137\000h\000a\000r\000d\000\137\000r\000e\000s\000e\000t\000\137\000r\000e\000c\000o\000n\000f\000i\000g\000u\000r\000e\000\050\000\051}{subsection.5.10.1}% 71
\BOOKMARK [3][-]{subsubsection.5.10.1.2}{\376\377\0005\000.\0001\0000\000.\0001\000.\0002\000\040\000T\000L\000V\0004\0009\0003\000D\000\137\000A\0001\000B\0006\000\137\000i\000n\000i\000t\000\050\000\051}{subsection.5.10.1}% 72
\BOOKMARK [1][-]{section.5.11}{\376\377\0005\000.\0001\0001\000\040\000T\000L\000V\000\137\000A\0001\000B\0006\000.\000h\000\040\000F\000i\000l\000e\000\040\000R\000e\000f\000e\000r\000e\000n\000c\000e}{chapter.5}% 73
\BOOKMARK [2][-]{subsection.5.11.1}{\376\377\0005\000.\0001\0001\000.\0001\000\040\000D\000e\000t\000a\000i\000l\000e\000d\000\040\000D\000e\000s\000c\000r\000i\000p\000t\000i\000o\000n}{section.5.11}% 74
\BOOKMARK [2][-]{subsection.5.11.2}{\376\377\0005\000.\0001\0001\000.\0002\000\040\000E\000n\000u\000m\000e\000r\000a\000t\000i\000o\000n\000\040\000T\000y\000p\000e\000\040\000D\000o\000c\000u\000m\000e\000n\000t\000a\000t\000i\000o\000n}{section.5.11}% 75
\BOOKMARK [3][-]{subsubsection.5.11.2.1}{\376\377\0005\000.\0001\0001\000.\0002\000.\0001\000\040\000T\000L\000V\0004\0009\0003\000D\000\137\000a\000d\000d\000r\000e\000s\000s\000\137\000t}{subsection.5.11.2}% 76
\BOOKMARK [2][-]{subsection.5.11.3}{\376\377\0005\000.\0001\0001\000.\0003\000\040\000F\000u\000n\000c\000t\000i\000o\000n\000\040\000D\000o\000c\000u\000m\000e\000n\000t\000a\000t\000i\000o\000n}{section.5.11}% 77
\BOOKMARK [3][-]{subsubsection.5.11.3.1}{\376\377\0005\000.\0001\0001\000.\0003\000.\0001\000\040\000T\000L\000V\0004\0009\0003\000D\000\137\000A\0001\000B\0006\000\137\000h\000a\000r\000d\000\137\000r\000e\000s\000e\000t\000\137\000r\000e\000c\000o\000n\000f\000i\000g\000u\000r\000e\000\050\000\051}{subsection.5.11.3}% 78
\BOOKMARK [3][-]{subsubsection.5.11.3.2}{\376\377\0005\000.\0001\0001\000.\0003\000.\0002\000\040\000T\000L\000V\0004\0009\0003\000D\000\137\000A\0001\000B\0006\000\137\000i\000n\000i\000t\000\050\000\051}{subsection.5.11.3}% 79
\BOOKMARK [1][-]{section.5.12}{\376\377\0005\000.\0001\0002\000\040\000T\000L\000V\000\137\000A\0001\000B\0006\000\137\000d\000e\000f\000i\000n\000e\000s\000.\000h\000\040\000F\000i\000l\000e\000\040\000R\000e\000f\000e\000r\000e\000n\000c\000e}{chapter.5}% 80
\BOOKMARK [2][-]{subsection.5.12.1}{\376\377\0005\000.\0001\0002\000.\0001\000\040\000D\000e\000t\000a\000i\000l\000e\000d\000\040\000D\000e\000s\000c\000r\000i\000p\000t\000i\000o\000n}{section.5.12}% 81
\BOOKMARK [1][-]{section.5.13}{\376\377\0005\000.\0001\0003\000\040\000T\000L\000V\000\137\000A\0001\000B\0006\000\137\000d\000r\000i\000v\000e\000r\000.\000c\000\040\000F\000i\000l\000e\000\040\000R\000e\000f\000e\000r\000e\000n\000c\000e}{chapter.5}% 82
\BOOKMARK [2][-]{subsection.5.13.1}{\376\377\0005\000.\0001\0003\000.\0001\000\040\000F\000u\000n\000c\000t\000i\000o\000n\000\040\000D\000o\000c\000u\000m\000e\000n\000t\000a\000t\000i\000o\000n}{section.5.13}% 83
\BOOKMARK [3][-]{subsubsection.5.13.1.1}{\376\377\0005\000.\0001\0003\000.\0001\000.\0001\000\040\000T\000L\000V\0004\0009\0003\000D\000\137\000A\0001\000B\0006\000\137\000r\000e\000a\000d\000\137\000r\000e\000g\000s\000\050\000\051}{subsection.5.13.1}% 84
\BOOKMARK [3][-]{subsubsection.5.13.1.2}{\376\377\0005\000.\0001\0003\000.\0001\000.\0002\000\040\000T\000L\000V\0004\0009\0003\000D\000\137\000A\0001\000B\0006\000\137\000w\000r\000i\000t\000e\000\137\000r\000e\000g\000s\000\050\000\051}{subsection.5.13.1}% 85
\BOOKMARK [1][-]{section.5.14}{\376\377\0005\000.\0001\0004\000\040\000T\000L\000V\000\137\000A\0001\000B\0006\000\137\000d\000r\000i\000v\000e\000r\000.\000h\000\040\000F\000i\000l\000e\000\040\000R\000e\000f\000e\000r\000e\000n\000c\000e}{chapter.5}% 86
\BOOKMARK [2][-]{subsection.5.14.1}{\376\377\0005\000.\0001\0004\000.\0001\000\040\000D\000e\000t\000a\000i\000l\000e\000d\000\040\000D\000e\000s\000c\000r\000i\000p\000t\000i\000o\000n}{section.5.14}% 87
\BOOKMARK [2][-]{subsection.5.14.2}{\376\377\0005\000.\0001\0004\000.\0002\000\040\000F\000u\000n\000c\000t\000i\000o\000n\000\040\000D\000o\000c\000u\000m\000e\000n\000t\000a\000t\000i\000o\000n}{section.5.14}% 88
\BOOKMARK [3][-]{subsubsection.5.14.2.1}{\376\377\0005\000.\0001\0004\000.\0002\000.\0001\000\040\000T\000L\000V\0004\0009\0003\000D\000\137\000A\0001\000B\0006\000\137\000r\000e\000a\000d\000\137\000r\000e\000g\000s\000\050\000\051}{subsection.5.14.2}% 89
\BOOKMARK [3][-]{subsubsection.5.14.2.2}{\376\377\0005\000.\0001\0004\000.\0002\000.\0002\000\040\000T\000L\000V\0004\0009\0003\000D\000\137\000A\0001\000B\0006\000\137\000w\000r\000i\000t\000e\000\137\000r\000e\000g\000s\000\050\000\051}{subsection.5.14.2}% 90
\BOOKMARK [1][-]{section.5.15}{\376\377\0005\000.\0001\0005\000\040\000T\000L\000x\0004\0009\0003\000D\000.\000c\000\040\000F\000i\000l\000e\000\040\000R\000e\000f\000e\000r\000e\000n\000c\000e}{chapter.5}% 91
\BOOKMARK [2][-]{subsection.5.15.1}{\376\377\0005\000.\0001\0005\000.\0001\000\040\000F\000u\000n\000c\000t\000i\000o\000n\000\040\000D\000o\000c\000u\000m\000e\000n\000t\000a\000t\000i\000o\000n}{section.5.15}% 92
\BOOKMARK [3][-]{subsubsection.5.15.1.1}{\376\377\0005\000.\0001\0005\000.\0001\000.\0001\000\040\000M\000I\000S\000C\000\137\000g\000e\000t\000\137\000p\000a\000r\000i\000t\000y\000\050\000\051}{subsection.5.15.1}% 93
\BOOKMARK [3][-]{subsubsection.5.15.1.2}{\376\377\0005\000.\0001\0005\000.\0001\000.\0002\000\040\000T\000L\000x\0004\0009\0003\000D\000\137\000i\000n\000i\000t\000\050\000\051}{subsection.5.15.1}% 94
\BOOKMARK [3][-]{subsubsection.5.15.1.3}{\376\377\0005\000.\0001\0005\000.\0001\000.\0003\000\040\000T\000L\000x\0004\0009\0003\000D\000\137\000r\000e\000a\000d\000\137\000f\000r\000a\000m\000e\000\050\000\051}{subsection.5.15.1}% 95
\BOOKMARK [3][-]{subsubsection.5.15.1.4}{\376\377\0005\000.\0001\0005\000.\0001\000.\0004\000\040\000T\000L\000x\0004\0009\0003\000D\000\137\000s\000e\000t\000\137\000o\000p\000e\000r\000a\000t\000i\000o\000n\000\137\000m\000o\000d\000e\000\050\000\051}{subsection.5.15.1}% 96
\BOOKMARK [1][-]{section.5.16}{\376\377\0005\000.\0001\0006\000\040\000T\000L\000x\0004\0009\0003\000D\000.\000h\000\040\000F\000i\000l\000e\000\040\000R\000e\000f\000e\000r\000e\000n\000c\000e}{chapter.5}% 97
\BOOKMARK [2][-]{subsection.5.16.1}{\376\377\0005\000.\0001\0006\000.\0001\000\040\000D\000e\000t\000a\000i\000l\000e\000d\000\040\000D\000e\000s\000c\000r\000i\000p\000t\000i\000o\000n}{section.5.16}% 98
\BOOKMARK [2][-]{subsection.5.16.2}{\376\377\0005\000.\0001\0006\000.\0002\000\040\000E\000n\000u\000m\000e\000r\000a\000t\000i\000o\000n\000\040\000T\000y\000p\000e\000\040\000D\000o\000c\000u\000m\000e\000n\000t\000a\000t\000i\000o\000n}{section.5.16}% 99
\BOOKMARK [3][-]{subsubsection.5.16.2.1}{\376\377\0005\000.\0001\0006\000.\0002\000.\0001\000\040\000a\000n\000o\000n\000y\000m\000o\000u\000s\000\040\000e\000n\000u\000m}{subsection.5.16.2}% 100
\BOOKMARK [2][-]{subsection.5.16.3}{\376\377\0005\000.\0001\0006\000.\0003\000\040\000F\000u\000n\000c\000t\000i\000o\000n\000\040\000D\000o\000c\000u\000m\000e\000n\000t\000a\000t\000i\000o\000n}{section.5.16}% 101
\BOOKMARK [3][-]{subsubsection.5.16.3.1}{\376\377\0005\000.\0001\0006\000.\0003\000.\0001\000\040\000M\000I\000S\000C\000\137\000g\000e\000t\000\137\000p\000a\000r\000i\000t\000y\000\050\000\051}{subsection.5.16.3}% 102
\BOOKMARK [3][-]{subsubsection.5.16.3.2}{\376\377\0005\000.\0001\0006\000.\0003\000.\0002\000\040\000T\000L\000x\0004\0009\0003\000D\000\137\000i\000n\000i\000t\000\050\000\051}{subsection.5.16.3}% 103
\BOOKMARK [3][-]{subsubsection.5.16.3.3}{\376\377\0005\000.\0001\0006\000.\0003\000.\0003\000\040\000T\000L\000x\0004\0009\0003\000D\000\137\000r\000e\000a\000d\000\137\000f\000r\000a\000m\000e\000\050\000\051}{subsection.5.16.3}% 104
\BOOKMARK [3][-]{subsubsection.5.16.3.4}{\376\377\0005\000.\0001\0006\000.\0003\000.\0004\000\040\000T\000L\000x\0004\0009\0003\000D\000\137\000s\000e\000t\000\137\000o\000p\000e\000r\000a\000t\000i\000o\000n\000\137\000m\000o\000d\000e\000\050\000\051}{subsection.5.16.3}% 105
\BOOKMARK [0][-]{section*.36}{\376\377\000I\000n\000d\000e\000x}{}% 106
